<?xml version="1.0" encoding="UTF-8"?>
<!-- Generated by org.testng.reporters.JUnitReportReporter -->
<testsuite hostname="EPINCHEW008B" failures="0" tests="3" name="tests.LoginTests" time="1.163" errors="0" timestamp="2022-08-17T19:31:09 IST" skipped="0">
  <testcase classname="tests.LoginTests" name="invalidLoginTest_ValidUserNameValidPassword" time="0.656"/>
  <system-out/>
  <testcase classname="tests.LoginTests" name="invalidLoginTest_EmptyUserEmptyPassword" time="0.264"/>
  <system-out/>
  <testcase classname="tests.LoginTests" name="invalidLoginTest_EmptyUserEmptyPassword" time="0.243"/>
  <system-out/>
</testsuite> <!-- tests.LoginTests -->
